android/app/build/intermediates/manifest_merge_blame_file/debug/manifest-merger-blame-debug-report.txt
1<?xml version="1.0" encoding="utf-8"?>
2<manifest xmlns:android="http://schemas.android.com/apk/res/android"
3    package="com.react_covid_19"
4    android:versionCode="1"
5    android:versionName="1.0" >
6
7    <uses-sdk
8        android:minSdkVersion="21"
9        android:targetSdkVersion="29" />
10
11    <uses-permission android:name="android.permission.SYSTEM_ALERT_WINDOW" />
11-->src/debug/AndroidManifest.xml:5:5-77
11-->src/debug/AndroidManifest.xml:5:22-75
12    <uses-permission android:name="android.permission.INTERNET" />
12-->src/main/AndroidManifest.xml:4:5-67
12-->src/main/AndroidManifest.xml:4:22-64
13    <uses-permission android:name="android.permission.ACCESS_WIFI_STATE" />
13-->[com.facebook.flipper:flipper:0.75.1] AndroidManifest.xml:16:5-76
13-->[com.facebook.flipper:flipper:0.75.1] AndroidManifest.xml:16:22-73
14    <uses-permission android:name="android.permission.ACCESS_NETWORK_STATE" />
14-->[:react-native-community_netinfo] AndroidManifest.xml:9:5-79
14-->[:react-native-community_netinfo] AndroidManifest.xml:9:22-76
15
16    <application
16-->src/main/AndroidManifest.xml:6:5-40:19
17        android:name="com.react_covid_19.MainApplication"
17-->src/main/AndroidManifest.xml:7:7-38
18        android:allowBackup="false"
18-->src/main/AndroidManifest.xml:11:7-34
19        android:appComponentFactory="androidx.core.app.CoreComponentFactory"
19-->[androidx.core:core:1.3.2] AndroidManifest.xml:24:18-86
20        android:debuggable="true"
21        android:icon="@mipmap/icon"
21-->src/main/AndroidManifest.xml:9:7-34
22        android:label="@string/app_name"
22-->src/main/AndroidManifest.xml:8:7-39
23        android:roundIcon="@mipmap/icon"
23-->src/main/AndroidManifest.xml:10:7-39
24        android:theme="@style/AppTheme"
24-->src/main/AndroidManifest.xml:13:7-38
25        android:usesCleartextTraffic="true" >
25-->src/main/AndroidManifest.xml:12:7-42
26        <activity android:name="com.facebook.react.devsupport.DevSettingsActivity" />
26-->src/main/AndroidManifest.xml:38:9-86
26-->src/main/AndroidManifest.xml:38:19-83
27        <activity
27-->src/main/AndroidManifest.xml:15:9-25:20
28            android:name="com.react_covid_19.SplashActivity"
28-->src/main/AndroidManifest.xml:16:13-42
29            android:label="@string/app_name"
29-->src/main/AndroidManifest.xml:18:13-45
30            android:theme="@style/SplashTheme" >
30-->src/main/AndroidManifest.xml:17:13-47
31            <intent-filter>
31-->src/main/AndroidManifest.xml:20:13-23:29
32                <action android:name="android.intent.action.MAIN" />
32-->src/main/AndroidManifest.xml:21:17-69
32-->src/main/AndroidManifest.xml:21:25-66
33
34                <category android:name="android.intent.category.LAUNCHER" />
34-->src/main/AndroidManifest.xml:22:17-77
34-->src/main/AndroidManifest.xml:22:27-74
35            </intent-filter>
36        </activity>
37        <activity
37-->src/main/AndroidManifest.xml:27:7-36:18
38            android:name="com.react_covid_19.MainActivity"
38-->src/main/AndroidManifest.xml:28:9-37
39            android:configChanges="keyboard|keyboardHidden|orientation|screenSize|uiMode"
39-->src/main/AndroidManifest.xml:30:9-86
40            android:exported="true"
40-->src/main/AndroidManifest.xml:34:9-32
41            android:label="@string/app_name"
41-->src/main/AndroidManifest.xml:29:9-41
42            android:launchMode="singleTask"
42-->src/main/AndroidManifest.xml:31:9-40
43            android:screenOrientation="portrait"
43-->src/main/AndroidManifest.xml:32:9-45
44            android:windowSoftInputMode="adjustResize" >
44-->src/main/AndroidManifest.xml:33:9-51
45        </activity>
46
47        <provider
47-->[:react-native-share] AndroidManifest.xml:10:9-18:20
48            android:name="cl.json.RNShareFileProvider"
48-->[:react-native-share] AndroidManifest.xml:11:13-55
49            android:authorities="com.react_covid_19.rnshare.fileprovider"
49-->[:react-native-share] AndroidManifest.xml:12:13-72
50            android:exported="false"
50-->[:react-native-share] AndroidManifest.xml:13:13-37
51            android:grantUriPermissions="true" >
51-->[:react-native-share] AndroidManifest.xml:14:13-47
52            <meta-data
52-->[:react-native-share] AndroidManifest.xml:15:13-17:64
53                android:name="android.support.FILE_PROVIDER_PATHS"
53-->[:react-native-share] AndroidManifest.xml:16:17-67
54                android:resource="@xml/share_download_paths" />
54-->[:react-native-share] AndroidManifest.xml:17:17-61
55        </provider>
56    </application>
57
58</manifest>